{"meta": {"format": 3, "version": "7.8.2", "timestamp": "2025-05-28T20:31:16.780614", "branch_coverage": false, "show_contexts": false}, "files": {"src/caylent_devcontainer_cli/__init__.py": {"executed_lines": [1, 3, 4, 6, 8, 9, 11], "summary": {"covered_lines": 6, "num_statements": 6, "percent_covered": 100.0, "percent_covered_display": "100", "missing_lines": 0, "excluded_lines": 0}, "missing_lines": [], "excluded_lines": [], "functions": {"": {"executed_lines": [1, 3, 4, 6, 8, 9, 11], "summary": {"covered_lines": 6, "num_statements": 6, "percent_covered": 100.0, "percent_covered_display": "100", "missing_lines": 0, "excluded_lines": 0}, "missing_lines": [], "excluded_lines": []}}, "classes": {"": {"executed_lines": [1, 3, 4, 6, 8, 9, 11], "summary": {"covered_lines": 6, "num_statements": 6, "percent_covered": 100.0, "percent_covered_display": "100", "missing_lines": 0, "excluded_lines": 0}, "missing_lines": [], "excluded_lines": []}}}, "src/caylent_devcontainer_cli/cli.py": {"executed_lines": [1, 3, 5, 6, 9, 12, 15, 21, 22, 25, 28, 29, 30, 31, 32, 35, 38, 40, 42, 49, 50, 52, 55, 58], "summary": {"covered_lines": 23, "num_statements": 27, "percent_covered": 85.18518518518519, "percent_covered_display": "85", "missing_lines": 4, "excluded_lines": 0}, "missing_lines": [43, 44, 46, 59], "excluded_lines": [], "functions": {"main": {"executed_lines": [15, 21, 22, 25, 28, 29, 30, 31, 32, 35, 38, 40, 42, 49, 50, 52, 55], "summary": {"covered_lines": 17, "num_statements": 20, "percent_covered": 85.0, "percent_covered_display": "85", "missing_lines": 3, "excluded_lines": 0}, "missing_lines": [43, 44, 46], "excluded_lines": []}, "": {"executed_lines": [1, 3, 5, 6, 9, 12, 58], "summary": {"covered_lines": 6, "num_statements": 7, "percent_covered": 85.71428571428571, "percent_covered_display": "86", "missing_lines": 1, "excluded_lines": 0}, "missing_lines": [59], "excluded_lines": []}}, "classes": {"": {"executed_lines": [1, 3, 5, 6, 9, 12, 15, 21, 22, 25, 28, 29, 30, 31, 32, 35, 38, 40, 42, 49, 50, 52, 55, 58], "summary": {"covered_lines": 23, "num_statements": 27, "percent_covered": 85.18518518518519, "percent_covered_display": "85", "missing_lines": 4, "excluded_lines": 0}, "missing_lines": [43, 44, 46, 59], "excluded_lines": []}}}, "src/caylent_devcontainer_cli/commands/__init__.py": {"executed_lines": [1], "summary": {"covered_lines": 0, "num_statements": 0, "percent_covered": 100.0, "percent_covered_display": "100", "missing_lines": 0, "excluded_lines": 0}, "missing_lines": [], "excluded_lines": [], "functions": {"": {"executed_lines": [1], "summary": {"covered_lines": 0, "num_statements": 0, "percent_covered": 100.0, "percent_covered_display": "100", "missing_lines": 0, "excluded_lines": 0}, "missing_lines": [], "excluded_lines": []}}, "classes": {"": {"executed_lines": [1], "summary": {"covered_lines": 0, "num_statements": 0, "percent_covered": 100.0, "percent_covered_display": "100", "missing_lines": 0, "excluded_lines": 0}, "missing_lines": [], "excluded_lines": []}}}, "src/caylent_devcontainer_cli/commands/code.py": {"executed_lines": [1, 3, 4, 6, 7, 10, 12, 13, 19, 20, 23, 25, 28, 29, 31, 32, 33, 34, 35, 37, 40, 41, 42, 44, 47, 50, 52, 54, 55, 56], "summary": {"covered_lines": 29, "num_statements": 33, "percent_covered": 87.87878787878788, "percent_covered_display": "88", "missing_lines": 4, "excluded_lines": 0}, "missing_lines": [57, 58, 59, 61], "excluded_lines": [], "functions": {"register_command": {"executed_lines": [12, 13, 19, 20], "summary": {"covered_lines": 4, "num_statements": 4, "percent_covered": 100.0, "percent_covered_display": "100", "missing_lines": 0, "excluded_lines": 0}, "missing_lines": [], "excluded_lines": []}, "handle_code": {"executed_lines": [25, 28, 29, 31, 32, 33, 34, 35, 37, 40, 41, 42, 44, 47, 50, 52, 54, 55, 56], "summary": {"covered_lines": 19, "num_statements": 23, "percent_covered": 82.6086956521739, "percent_covered_display": "83", "missing_lines": 4, "excluded_lines": 0}, "missing_lines": [57, 58, 59, 61], "excluded_lines": []}, "": {"executed_lines": [1, 3, 4, 6, 7, 10, 23], "summary": {"covered_lines": 6, "num_statements": 6, "percent_covered": 100.0, "percent_covered_display": "100", "missing_lines": 0, "excluded_lines": 0}, "missing_lines": [], "excluded_lines": []}}, "classes": {"": {"executed_lines": [1, 3, 4, 6, 7, 10, 12, 13, 19, 20, 23, 25, 28, 29, 31, 32, 33, 34, 35, 37, 40, 41, 42, 44, 47, 50, 52, 54, 55, 56], "summary": {"covered_lines": 29, "num_statements": 33, "percent_covered": 87.87878787878788, "percent_covered_display": "88", "missing_lines": 4, "excluded_lines": 0}, "missing_lines": [57, 58, 59, 61], "excluded_lines": []}}}, "src/caylent_devcontainer_cli/commands/env.py": {"executed_lines": [1, 3, 5, 6, 9, 11, 12, 15, 16, 17, 18, 19, 20, 23, 24, 25, 26, 29, 31, 34, 36, 37, 40, 42, 43, 46, 47, 48, 49, 51, 52, 54, 57, 59, 60, 61, 62, 63, 64], "summary": {"covered_lines": 38, "num_statements": 38, "percent_covered": 100.0, "percent_covered_display": "100", "missing_lines": 0, "excluded_lines": 0}, "missing_lines": [], "excluded_lines": [], "functions": {"register_command": {"executed_lines": [11, 12, 15, 16, 17, 18, 19, 20, 23, 24, 25, 26], "summary": {"covered_lines": 12, "num_statements": 12, "percent_covered": 100.0, "percent_covered_display": "100", "missing_lines": 0, "excluded_lines": 0}, "missing_lines": [], "excluded_lines": []}, "handle_env_export": {"executed_lines": [31], "summary": {"covered_lines": 1, "num_statements": 1, "percent_covered": 100.0, "percent_covered_display": "100", "missing_lines": 0, "excluded_lines": 0}, "missing_lines": [], "excluded_lines": []}, "handle_env_load": {"executed_lines": [36, 37], "summary": {"covered_lines": 2, "num_statements": 2, "percent_covered": 100.0, "percent_covered_display": "100", "missing_lines": 0, "excluded_lines": 0}, "missing_lines": [], "excluded_lines": []}, "load_environment": {"executed_lines": [42, 43, 46, 47, 48, 49, 51, 52, 54, 57, 59, 60, 61, 62, 63, 64], "summary": {"covered_lines": 16, "num_statements": 16, "percent_covered": 100.0, "percent_covered_display": "100", "missing_lines": 0, "excluded_lines": 0}, "missing_lines": [], "excluded_lines": []}, "": {"executed_lines": [1, 3, 5, 6, 9, 29, 34, 40], "summary": {"covered_lines": 7, "num_statements": 7, "percent_covered": 100.0, "percent_covered_display": "100", "missing_lines": 0, "excluded_lines": 0}, "missing_lines": [], "excluded_lines": []}}, "classes": {"": {"executed_lines": [1, 3, 5, 6, 9, 11, 12, 15, 16, 17, 18, 19, 20, 23, 24, 25, 26, 29, 31, 34, 36, 37, 40, 42, 43, 46, 47, 48, 49, 51, 52, 54, 57, 59, 60, 61, 62, 63, 64], "summary": {"covered_lines": 38, "num_statements": 38, "percent_covered": 100.0, "percent_covered_display": "100", "missing_lines": 0, "excluded_lines": 0}, "missing_lines": [], "excluded_lines": []}}}, "src/caylent_devcontainer_cli/commands/setup.py": {"executed_lines": [1, 3, 4, 5, 6, 8, 9, 12, 13, 26, 28, 29, 30, 33, 36, 38, 39, 42, 49, 50, 51, 53, 55, 56, 59, 62, 64, 65, 71, 72, 73, 74, 75, 88, 90, 91, 93, 94, 95, 96, 98, 99, 101, 102, 103, 106, 108, 109, 110, 111, 115, 116, 117, 121, 122, 125, 127, 139, 140, 141, 142, 143, 144, 145, 148, 149, 152, 153, 154, 157, 158], "summary": {"covered_lines": 70, "num_statements": 77, "percent_covered": 90.9090909090909, "percent_covered_display": "91", "missing_lines": 7, "excluded_lines": 0}, "missing_lines": [43, 44, 46, 81, 82, 83, 85], "excluded_lines": [], "functions": {"register_command": {"executed_lines": [28, 29, 30, 33], "summary": {"covered_lines": 4, "num_statements": 4, "percent_covered": 100.0, "percent_covered_display": "100", "missing_lines": 0, "excluded_lines": 0}, "missing_lines": [], "excluded_lines": []}, "handle_setup": {"executed_lines": [38, 39, 42, 49, 50, 51, 53, 55, 56, 59], "summary": {"covered_lines": 10, "num_statements": 13, "percent_covered": 76.92307692307692, "percent_covered_display": "77", "missing_lines": 3, "excluded_lines": 0}, "missing_lines": [43, 44, 46], "excluded_lines": []}, "clone_repo": {"executed_lines": [64, 65, 71, 72, 73, 74, 75], "summary": {"covered_lines": 7, "num_statements": 11, "percent_covered": 63.63636363636363, "percent_covered_display": "64", "missing_lines": 4, "excluded_lines": 0}, "missing_lines": [81, 82, 83, 85], "excluded_lines": []}, "copy_devcontainer_files": {"executed_lines": [90, 91, 93, 94, 95, 96, 98, 99, 101, 102, 103], "summary": {"covered_lines": 11, "num_statements": 11, "percent_covered": 100.0, "percent_covered_display": "100", "missing_lines": 0, "excluded_lines": 0}, "missing_lines": [], "excluded_lines": []}, "show_manual_instructions": {"executed_lines": [108, 109, 110, 111, 115, 116, 117, 121, 122], "summary": {"covered_lines": 9, "num_statements": 9, "percent_covered": 100.0, "percent_covered_display": "100", "missing_lines": 0, "excluded_lines": 0}, "missing_lines": [], "excluded_lines": []}, "interactive_setup": {"executed_lines": [127, 139, 140, 141, 142, 143, 144, 145, 148, 149, 152, 153, 154, 157, 158], "summary": {"covered_lines": 15, "num_statements": 15, "percent_covered": 100.0, "percent_covered_display": "100", "missing_lines": 0, "excluded_lines": 0}, "missing_lines": [], "excluded_lines": []}, "": {"executed_lines": [1, 3, 4, 5, 6, 8, 9, 12, 13, 26, 36, 62, 88, 106, 125], "summary": {"covered_lines": 14, "num_statements": 14, "percent_covered": 100.0, "percent_covered_display": "100", "missing_lines": 0, "excluded_lines": 0}, "missing_lines": [], "excluded_lines": []}}, "classes": {"": {"executed_lines": [1, 3, 4, 5, 6, 8, 9, 12, 13, 26, 28, 29, 30, 33, 36, 38, 39, 42, 49, 50, 51, 53, 55, 56, 59, 62, 64, 65, 71, 72, 73, 74, 75, 88, 90, 91, 93, 94, 95, 96, 98, 99, 101, 102, 103, 106, 108, 109, 110, 111, 115, 116, 117, 121, 122, 125, 127, 139, 140, 141, 142, 143, 144, 145, 148, 149, 152, 153, 154, 157, 158], "summary": {"covered_lines": 70, "num_statements": 77, "percent_covered": 90.9090909090909, "percent_covered_display": "91", "missing_lines": 7, "excluded_lines": 0}, "missing_lines": [43, 44, 46, 81, 82, 83, 85], "excluded_lines": []}}}, "src/caylent_devcontainer_cli/commands/setup_interactive.py": {"executed_lines": [1, 3, 4, 5, 6, 8, 9, 11, 12, 15, 16, 18, 20, 21, 24, 25, 26, 27, 30, 32, 33, 34, 36, 37, 38, 39, 41, 44, 46, 48, 49, 50, 52, 55, 57, 59, 62, 64, 66, 69, 72, 74, 77, 79, 82, 84, 87, 92, 95, 100, 105, 107, 109, 111, 116, 118, 121, 123, 124, 125, 126, 138, 142, 146, 148, 151, 153, 156, 157, 160, 161, 162, 164, 166, 169, 171, 172, 174, 176, 177, 179, 182, 184, 186, 187, 188, 190, 192, 193, 196, 199, 200, 202, 205, 206, 209, 210, 211, 213, 216, 217, 218, 219, 221, 223], "summary": {"covered_lines": 103, "num_statements": 107, "percent_covered": 96.26168224299066, "percent_covered_display": "96", "missing_lines": 4, "excluded_lines": 0}, "missing_lines": [22, 60, 67, 203], "excluded_lines": [], "functions": {"JsonValidator.validate": {"executed_lines": [20, 21, 24, 25, 26, 27], "summary": {"covered_lines": 6, "num_statements": 7, "percent_covered": 85.71428571428571, "percent_covered_display": "86", "missing_lines": 1, "excluded_lines": 0}, "missing_lines": [22], "excluded_lines": []}, "list_templates": {"executed_lines": [32, 33, 34, 36, 37, 38, 39, 41], "summary": {"covered_lines": 8, "num_statements": 8, "percent_covered": 100.0, "percent_covered_display": "100", "missing_lines": 0, "excluded_lines": 0}, "missing_lines": [], "excluded_lines": []}, "prompt_use_template": {"executed_lines": [46, 48, 49, 50, 52], "summary": {"covered_lines": 5, "num_statements": 5, "percent_covered": 100.0, "percent_covered_display": "100", "missing_lines": 0, "excluded_lines": 0}, "missing_lines": [], "excluded_lines": []}, "select_template": {"executed_lines": [57, 59, 62, 64, 66, 69], "summary": {"covered_lines": 6, "num_statements": 8, "percent_covered": 75.0, "percent_covered_display": "75", "missing_lines": 2, "excluded_lines": 0}, "missing_lines": [60, 67], "excluded_lines": []}, "prompt_save_template": {"executed_lines": [74], "summary": {"covered_lines": 1, "num_statements": 1, "percent_covered": 100.0, "percent_covered_display": "100", "missing_lines": 0, "excluded_lines": 0}, "missing_lines": [], "excluded_lines": []}, "prompt_template_name": {"executed_lines": [79], "summary": {"covered_lines": 1, "num_statements": 1, "percent_covered": 100.0, "percent_covered_display": "100", "missing_lines": 0, "excluded_lines": 0}, "missing_lines": [], "excluded_lines": []}, "prompt_env_values": {"executed_lines": [84, 87, 92, 95, 100, 105, 107, 109, 111, 116, 118], "summary": {"covered_lines": 11, "num_statements": 11, "percent_covered": 100.0, "percent_covered_display": "100", "missing_lines": 0, "excluded_lines": 0}, "missing_lines": [], "excluded_lines": []}, "prompt_aws_profile_map": {"executed_lines": [123, 124, 125, 126, 138, 142, 146, 148], "summary": {"covered_lines": 8, "num_statements": 8, "percent_covered": 100.0, "percent_covered_display": "100", "missing_lines": 0, "excluded_lines": 0}, "missing_lines": [], "excluded_lines": []}, "create_template_interactive": {"executed_lines": [153, 156, 157, 160, 161, 162, 164, 166], "summary": {"covered_lines": 8, "num_statements": 8, "percent_covered": 100.0, "percent_covered_display": "100", "missing_lines": 0, "excluded_lines": 0}, "missing_lines": [], "excluded_lines": []}, "save_template_to_file": {"executed_lines": [171, 172, 174, 176, 177, 179], "summary": {"covered_lines": 6, "num_statements": 6, "percent_covered": 100.0, "percent_covered_display": "100", "missing_lines": 0, "excluded_lines": 0}, "missing_lines": [], "excluded_lines": []}, "load_template_from_file": {"executed_lines": [184, 186, 187, 188, 190, 192, 193], "summary": {"covered_lines": 7, "num_statements": 7, "percent_covered": 100.0, "percent_covered_display": "100", "missing_lines": 0, "excluded_lines": 0}, "missing_lines": [], "excluded_lines": []}, "apply_template": {"executed_lines": [199, 200, 202, 205, 206, 209, 210, 211, 213, 216, 217, 218, 219, 221, 223], "summary": {"covered_lines": 15, "num_statements": 16, "percent_covered": 93.75, "percent_covered_display": "94", "missing_lines": 1, "excluded_lines": 0}, "missing_lines": [203], "excluded_lines": []}, "": {"executed_lines": [1, 3, 4, 5, 6, 8, 9, 11, 12, 15, 16, 18, 30, 44, 55, 72, 77, 82, 121, 151, 169, 182, 196], "summary": {"covered_lines": 21, "num_statements": 21, "percent_covered": 100.0, "percent_covered_display": "100", "missing_lines": 0, "excluded_lines": 0}, "missing_lines": [], "excluded_lines": []}}, "classes": {"JsonValidator": {"executed_lines": [20, 21, 24, 25, 26, 27], "summary": {"covered_lines": 6, "num_statements": 7, "percent_covered": 85.71428571428571, "percent_covered_display": "86", "missing_lines": 1, "excluded_lines": 0}, "missing_lines": [22], "excluded_lines": []}, "": {"executed_lines": [1, 3, 4, 5, 6, 8, 9, 11, 12, 15, 16, 18, 30, 32, 33, 34, 36, 37, 38, 39, 41, 44, 46, 48, 49, 50, 52, 55, 57, 59, 62, 64, 66, 69, 72, 74, 77, 79, 82, 84, 87, 92, 95, 100, 105, 107, 109, 111, 116, 118, 121, 123, 124, 125, 126, 138, 142, 146, 148, 151, 153, 156, 157, 160, 161, 162, 164, 166, 169, 171, 172, 174, 176, 177, 179, 182, 184, 186, 187, 188, 190, 192, 193, 196, 199, 200, 202, 205, 206, 209, 210, 211, 213, 216, 217, 218, 219, 221, 223], "summary": {"covered_lines": 97, "num_statements": 100, "percent_covered": 97.0, "percent_covered_display": "97", "missing_lines": 3, "excluded_lines": 0}, "missing_lines": [60, 67, 203], "excluded_lines": []}}}, "src/caylent_devcontainer_cli/utils/__init__.py": {"executed_lines": [1], "summary": {"covered_lines": 0, "num_statements": 0, "percent_covered": 100.0, "percent_covered_display": "100", "missing_lines": 0, "excluded_lines": 0}, "missing_lines": [], "excluded_lines": [], "functions": {"": {"executed_lines": [1], "summary": {"covered_lines": 0, "num_statements": 0, "percent_covered": 100.0, "percent_covered_display": "100", "missing_lines": 0, "excluded_lines": 0}, "missing_lines": [], "excluded_lines": []}}, "classes": {"": {"executed_lines": [1], "summary": {"covered_lines": 0, "num_statements": 0, "percent_covered": 100.0, "percent_covered_display": "100", "missing_lines": 0, "excluded_lines": 0}, "missing_lines": [], "excluded_lines": []}}}, "src/caylent_devcontainer_cli/utils/constants.py": {"executed_lines": [1, 3, 6, 7, 10], "summary": {"covered_lines": 4, "num_statements": 4, "percent_covered": 100.0, "percent_covered_display": "100", "missing_lines": 0, "excluded_lines": 0}, "missing_lines": [], "excluded_lines": [], "functions": {"": {"executed_lines": [1, 3, 6, 7, 10], "summary": {"covered_lines": 4, "num_statements": 4, "percent_covered": 100.0, "percent_covered_display": "100", "missing_lines": 0, "excluded_lines": 0}, "missing_lines": [], "excluded_lines": []}}, "classes": {"": {"executed_lines": [1, 3, 6, 7, 10], "summary": {"covered_lines": 4, "num_statements": 4, "percent_covered": 100.0, "percent_covered_display": "100", "missing_lines": 0, "excluded_lines": 0}, "missing_lines": [], "excluded_lines": []}}}, "src/caylent_devcontainer_cli/utils/fs.py": {"executed_lines": [1, 3, 4, 5, 7, 10, 12, 13, 14, 15, 16, 17, 18, 20, 23, 25, 26, 27, 28, 30, 31, 32, 33, 34, 37, 39, 40, 42, 43, 44, 46, 48, 51, 57, 62, 63, 64, 65, 73, 76, 80, 81, 84, 85, 87, 88, 89, 91], "summary": {"covered_lines": 47, "num_statements": 57, "percent_covered": 82.45614035087719, "percent_covered_display": "82", "missing_lines": 10, "excluded_lines": 0}, "missing_lines": [52, 53, 55, 58, 60, 66, 67, 68, 70, 77], "excluded_lines": [], "functions": {"load_json_config": {"executed_lines": [12, 13, 14, 15, 16, 17, 18, 20], "summary": {"covered_lines": 8, "num_statements": 8, "percent_covered": 100.0, "percent_covered_display": "100", "missing_lines": 0, "excluded_lines": 0}, "missing_lines": [], "excluded_lines": []}, "generate_exports": {"executed_lines": [25, 26, 27, 28, 30, 31, 32, 33, 34], "summary": {"covered_lines": 9, "num_statements": 9, "percent_covered": 100.0, "percent_covered_display": "100", "missing_lines": 0, "excluded_lines": 0}, "missing_lines": [], "excluded_lines": []}, "generate_shell_env": {"executed_lines": [39, 40, 42, 43, 44, 46, 48, 51, 57, 62, 63, 64, 65], "summary": {"covered_lines": 13, "num_statements": 22, "percent_covered": 59.09090909090909, "percent_covered_display": "59", "missing_lines": 9, "excluded_lines": 0}, "missing_lines": [52, 53, 55, 58, 60, 66, 67, 68, 70], "excluded_lines": []}, "find_project_root": {"executed_lines": [76, 80, 81, 84, 85, 87, 88, 89, 91], "summary": {"covered_lines": 9, "num_statements": 10, "percent_covered": 90.0, "percent_covered_display": "90", "missing_lines": 1, "excluded_lines": 0}, "missing_lines": [77], "excluded_lines": []}, "": {"executed_lines": [1, 3, 4, 5, 7, 10, 23, 37, 73], "summary": {"covered_lines": 8, "num_statements": 8, "percent_covered": 100.0, "percent_covered_display": "100", "missing_lines": 0, "excluded_lines": 0}, "missing_lines": [], "excluded_lines": []}}, "classes": {"": {"executed_lines": [1, 3, 4, 5, 7, 10, 12, 13, 14, 15, 16, 17, 18, 20, 23, 25, 26, 27, 28, 30, 31, 32, 33, 34, 37, 39, 40, 42, 43, 44, 46, 48, 51, 57, 62, 63, 64, 65, 73, 76, 80, 81, 84, 85, 87, 88, 89, 91], "summary": {"covered_lines": 47, "num_statements": 57, "percent_covered": 82.45614035087719, "percent_covered_display": "82", "missing_lines": 10, "excluded_lines": 0}, "missing_lines": [52, 53, 55, 58, 60, 66, 67, 68, 70, 77], "excluded_lines": []}}}, "src/caylent_devcontainer_cli/utils/ui.py": {"executed_lines": [1, 3, 5, 8, 20, 23, 26, 29, 31, 32, 38, 39, 40, 41, 44, 46, 47, 48, 49, 50, 52, 53, 54, 55, 56, 57, 58, 61, 63, 64, 65, 66, 67, 68], "summary": {"covered_lines": 33, "num_statements": 33, "percent_covered": 100.0, "percent_covered_display": "100", "missing_lines": 0, "excluded_lines": 0}, "missing_lines": [], "excluded_lines": [], "functions": {"set_auto_yes": {"executed_lines": [26], "summary": {"covered_lines": 1, "num_statements": 1, "percent_covered": 100.0, "percent_covered_display": "100", "missing_lines": 0, "excluded_lines": 0}, "missing_lines": [], "excluded_lines": []}, "log": {"executed_lines": [31, 32, 38, 39, 40, 41], "summary": {"covered_lines": 6, "num_statements": 6, "percent_covered": 100.0, "percent_covered_display": "100", "missing_lines": 0, "excluded_lines": 0}, "missing_lines": [], "excluded_lines": []}, "confirm_action": {"executed_lines": [46, 47, 48, 49, 50, 52, 53, 54, 55, 56, 57, 58], "summary": {"covered_lines": 12, "num_statements": 12, "percent_covered": 100.0, "percent_covered_display": "100", "missing_lines": 0, "excluded_lines": 0}, "missing_lines": [], "excluded_lines": []}, "show_banner": {"executed_lines": [63, 64, 65, 66, 67, 68], "summary": {"covered_lines": 6, "num_statements": 6, "percent_covered": 100.0, "percent_covered_display": "100", "missing_lines": 0, "excluded_lines": 0}, "missing_lines": [], "excluded_lines": []}, "": {"executed_lines": [1, 3, 5, 8, 20, 23, 29, 44, 61], "summary": {"covered_lines": 8, "num_statements": 8, "percent_covered": 100.0, "percent_covered_display": "100", "missing_lines": 0, "excluded_lines": 0}, "missing_lines": [], "excluded_lines": []}}, "classes": {"": {"executed_lines": [1, 3, 5, 8, 20, 23, 26, 29, 31, 32, 38, 39, 40, 41, 44, 46, 47, 48, 49, 50, 52, 53, 54, 55, 56, 57, 58, 61, 63, 64, 65, 66, 67, 68], "summary": {"covered_lines": 33, "num_statements": 33, "percent_covered": 100.0, "percent_covered_display": "100", "missing_lines": 0, "excluded_lines": 0}, "missing_lines": [], "excluded_lines": []}}}}, "totals": {"covered_lines": 353, "num_statements": 382, "percent_covered": 92.40837696335079, "percent_covered_display": "92", "missing_lines": 29, "excluded_lines": 0}}